0 info it worked if it ends with ok
1 verbose cli [
1 verbose cli   'C:\\Program Files\\nodejs\\node.exe',
1 verbose cli   'C:\\Users\\opilane\\AppData\\Roaming\\npm\\node_modules\\npm\\bin\\npm-cli.js',
1 verbose cli   'install',
1 verbose cli   'pakinimi'
1 verbose cli ]
2 info using npm@3.10.10
3 info using node@v13.7.0
4 silly loadCurrentTree Starting
5 silly install loadCurrentTree
6 silly install readLocalPackageData
7 silly fetchPackageMetaData pakinimi
8 silly fetchNamedPackageData pakinimi
9 silly mapToRegistry name pakinimi
10 silly mapToRegistry using default registry
11 silly mapToRegistry registry https://registry.npmjs.org/
12 silly mapToRegistry data Result {
12 silly mapToRegistry   raw: 'pakinimi',
12 silly mapToRegistry   scope: null,
12 silly mapToRegistry   escapedName: 'pakinimi',
12 silly mapToRegistry   name: 'pakinimi',
12 silly mapToRegistry   rawSpec: '',
12 silly mapToRegistry   spec: 'latest',
12 silly mapToRegistry   type: 'tag'
12 silly mapToRegistry }
13 silly mapToRegistry uri https://registry.npmjs.org/pakinimi
14 verbose request uri https://registry.npmjs.org/pakinimi
15 verbose request no auth needed
16 info attempt registry request try #1 at 14:01:57
17 verbose request id 2f66934b14fa96ed
18 http request GET https://registry.npmjs.org/pakinimi
19 http 404 https://registry.npmjs.org/pakinimi
20 verbose headers {
20 verbose headers   date: 'Mon, 14 Nov 2022 12:01:58 GMT',
20 verbose headers   'content-type': 'application/json',
20 verbose headers   'content-length': '21',
20 verbose headers   connection: 'keep-alive',
20 verbose headers   'cf-ray': '769f9870eb2fc7eb-TLL',
20 verbose headers   vary: 'Accept-Encoding',
20 verbose headers   server: 'cloudflare'
20 verbose headers }
21 silly get cb [
21 silly get   404,
21 silly get   {
21 silly get     date: 'Mon, 14 Nov 2022 12:01:58 GMT',
21 silly get     'content-type': 'application/json',
21 silly get     'content-length': '21',
21 silly get     connection: 'keep-alive',
21 silly get     'cf-ray': '769f9870eb2fc7eb-TLL',
21 silly get     vary: 'Accept-Encoding',
21 silly get     server: 'cloudflare'
21 silly get   }
21 silly get ]
22 silly fetchPackageMetaData Error: Not found : pakinimi
22 silly fetchPackageMetaData     at makeError (C:\Users\opilane\AppData\Roaming\npm\node_modules\npm\node_modules\npm-registry-client\lib\request.js:302:12)
22 silly fetchPackageMetaData     at CachingRegistryClient.<anonymous> (C:\Users\opilane\AppData\Roaming\npm\node_modules\npm\node_modules\npm-registry-client\lib\request.js:290:14)
22 silly fetchPackageMetaData     at Request._callback (C:\Users\opilane\AppData\Roaming\npm\node_modules\npm\node_modules\npm-registry-client\lib\request.js:210:14)
22 silly fetchPackageMetaData     at Request.self.callback (C:\Users\opilane\AppData\Roaming\npm\node_modules\npm\node_modules\request\request.js:187:22)
22 silly fetchPackageMetaData     at Request.emit (events.js:321:20)
22 silly fetchPackageMetaData     at Request.<anonymous> (C:\Users\opilane\AppData\Roaming\npm\node_modules\npm\node_modules\request\request.js:1048:10)
22 silly fetchPackageMetaData     at Request.emit (events.js:321:20)
22 silly fetchPackageMetaData     at IncomingMessage.<anonymous> (C:\Users\opilane\AppData\Roaming\npm\node_modules\npm\node_modules\request\request.js:969:12)
22 silly fetchPackageMetaData     at IncomingMessage.emit (events.js:333:22)
22 silly fetchPackageMetaData     at endReadableNT (_stream_readable.js:1201:12)
22 silly fetchPackageMetaData  error for pakinimi Error: Not found : pakinimi
22 silly fetchPackageMetaData     at makeError (C:\Users\opilane\AppData\Roaming\npm\node_modules\npm\node_modules\npm-registry-client\lib\request.js:302:12)
22 silly fetchPackageMetaData     at CachingRegistryClient.<anonymous> (C:\Users\opilane\AppData\Roaming\npm\node_modules\npm\node_modules\npm-registry-client\lib\request.js:290:14)
22 silly fetchPackageMetaData     at Request._callback (C:\Users\opilane\AppData\Roaming\npm\node_modules\npm\node_modules\npm-registry-client\lib\request.js:210:14)
22 silly fetchPackageMetaData     at Request.self.callback (C:\Users\opilane\AppData\Roaming\npm\node_modules\npm\node_modules\request\request.js:187:22)
22 silly fetchPackageMetaData     at Request.emit (events.js:321:20)
22 silly fetchPackageMetaData     at Request.<anonymous> (C:\Users\opilane\AppData\Roaming\npm\node_modules\npm\node_modules\request\request.js:1048:10)
22 silly fetchPackageMetaData     at Request.emit (events.js:321:20)
22 silly fetchPackageMetaData     at IncomingMessage.<anonymous> (C:\Users\opilane\AppData\Roaming\npm\node_modules\npm\node_modules\request\request.js:969:12)
22 silly fetchPackageMetaData     at IncomingMessage.emit (events.js:333:22)
22 silly fetchPackageMetaData     at endReadableNT (_stream_readable.js:1201:12) {
22 silly fetchPackageMetaData   pkgid: 'pakinimi',
22 silly fetchPackageMetaData   statusCode: 404,
22 silly fetchPackageMetaData   code: 'E404'
22 silly fetchPackageMetaData }
23 silly rollbackFailedOptional Starting
24 silly rollbackFailedOptional Finishing
25 silly runTopLevelLifecycles Finishing
26 silly install printInstalled
27 verbose stack Error: Not found : pakinimi
27 verbose stack     at makeError (C:\Users\opilane\AppData\Roaming\npm\node_modules\npm\node_modules\npm-registry-client\lib\request.js:302:12)
27 verbose stack     at CachingRegistryClient.<anonymous> (C:\Users\opilane\AppData\Roaming\npm\node_modules\npm\node_modules\npm-registry-client\lib\request.js:290:14)
27 verbose stack     at Request._callback (C:\Users\opilane\AppData\Roaming\npm\node_modules\npm\node_modules\npm-registry-client\lib\request.js:210:14)
27 verbose stack     at Request.self.callback (C:\Users\opilane\AppData\Roaming\npm\node_modules\npm\node_modules\request\request.js:187:22)
27 verbose stack     at Request.emit (events.js:321:20)
27 verbose stack     at Request.<anonymous> (C:\Users\opilane\AppData\Roaming\npm\node_modules\npm\node_modules\request\request.js:1048:10)
27 verbose stack     at Request.emit (events.js:321:20)
27 verbose stack     at IncomingMessage.<anonymous> (C:\Users\opilane\AppData\Roaming\npm\node_modules\npm\node_modules\request\request.js:969:12)
27 verbose stack     at IncomingMessage.emit (events.js:333:22)
27 verbose stack     at endReadableNT (_stream_readable.js:1201:12)
28 verbose statusCode 404
29 verbose pkgid pakinimi
30 verbose cwd C:\Users\opilane\source\repos\dariaevtinatarpv20\project\games_API
31 error Windows_NT 10.0.17763
32 error argv "C:\\Program Files\\nodejs\\node.exe" "C:\\Users\\opilane\\AppData\\Roaming\\npm\\node_modules\\npm\\bin\\npm-cli.js" "install" "pakinimi"
33 error node v13.7.0
34 error npm  v3.10.10
35 error code E404
36 error 404 Not found : pakinimi
37 error 404
38 error 404 'pakinimi' is not in the npm registry.
39 error 404 You should bug the author to publish it (or use the name yourself!)
40 error 404 Note that you can also install from a
41 error 404 tarball, folder, http url, or git url.
42 verbose exit [ 1, true ]
